[2019-08-02 09:17:15.835] [exthost] [info] extension host started
[2019-08-02 09:17:16.286] [exthost] [info] extension host started
[2019-08-02 09:17:16.312] [exthost] [info] ExtensionService#_doActivateExtension vscode.debug-auto-launch {"startup":true,"activationEvent":"*"}
[2019-08-02 09:17:16.313] [exthost] [info] ExtensionService#loadCommonJSModule c:\Users\jh\.codemix\engine\resources\app\extensions\debug-auto-launch\dist\extension
[2019-08-02 09:17:16.320] [exthost] [info] ExtensionService#_doActivateExtension vscode.emmet {"startup":true,"activationEvent":"*"}
[2019-08-02 09:17:16.320] [exthost] [info] ExtensionService#loadCommonJSModule c:\Users\jh\.codemix\engine\resources\app\extensions\emmet\dist\extension
[2019-08-02 09:17:16.342] [exthost] [info] ExtensionService#_doActivateExtension christian-kohler.path-intellisense {"startup":true,"activationEvent":"*"}
[2019-08-02 09:17:16.342] [exthost] [info] ExtensionService#loadCommonJSModule C:\Users\jh\.codemix\extensions\christian-kohler.path-intellisense-1.4.2\out\src\extension
[2019-08-02 09:17:16.370] [exthost] [info] ExtensionService#_doActivateExtension dbaeumer.vscode-eslint {"startup":true,"activationEvent":"*"}
[2019-08-02 09:17:16.370] [exthost] [info] ExtensionService#loadCommonJSModule C:\Users\jh\.codemix\extensions\dbaeumer.vscode-eslint-1.9.0\client\out\extension
[2019-08-02 09:17:16.417] [exthost] [info] ExtensionService#_doActivateExtension formulahendry.auto-close-tag {"startup":true,"activationEvent":"*"}
[2019-08-02 09:17:16.417] [exthost] [info] ExtensionService#loadCommonJSModule C:\Users\jh\.codemix\extensions\formulahendry.auto-close-tag-0.5.6\out\src\extension
[2019-08-02 09:17:16.420] [exthost] [info] ExtensionService#_doActivateExtension formulahendry.auto-rename-tag {"startup":true,"activationEvent":"*"}
[2019-08-02 09:17:16.420] [exthost] [info] ExtensionService#loadCommonJSModule C:\Users\jh\.codemix\extensions\formulahendry.auto-rename-tag-0.0.15\out\src\extension
[2019-08-02 09:17:16.425] [exthost] [info] ExtensionService#_doActivateExtension vscode.grunt {"startup":false,"activationEvent":"onCommand:workbench.action.tasks.runTask"}
[2019-08-02 09:17:16.425] [exthost] [info] ExtensionService#loadCommonJSModule c:\Users\jh\.codemix\engine\resources\app\extensions\grunt\dist\main
[2019-08-02 09:17:16.430] [exthost] [info] ExtensionService#_doActivateExtension vscode.gulp {"startup":false,"activationEvent":"onCommand:workbench.action.tasks.runTask"}
[2019-08-02 09:17:16.430] [exthost] [info] ExtensionService#loadCommonJSModule c:\Users\jh\.codemix\engine\resources\app\extensions\gulp\dist\main
[2019-08-02 09:17:16.435] [exthost] [info] ExtensionService#_doActivateExtension vscode.jake {"startup":false,"activationEvent":"onCommand:workbench.action.tasks.runTask"}
[2019-08-02 09:17:16.435] [exthost] [info] ExtensionService#loadCommonJSModule c:\Users\jh\.codemix\engine\resources\app\extensions\jake\dist\main
[2019-08-02 09:17:16.441] [exthost] [info] ExtensionService#_doActivateExtension vscode.npm {"startup":false,"activationEvent":"onCommand:workbench.action.tasks.runTask"}
[2019-08-02 09:17:16.441] [exthost] [info] ExtensionService#loadCommonJSModule c:\Users\jh\.codemix\engine\resources\app\extensions\npm\dist\main
[2019-08-02 09:17:16.467] [exthost] [info] ExtensionService#_doActivateExtension vscode.typescript-language-features {"startup":false,"activationEvent":"onCommand:workbench.action.tasks.runTask"}
[2019-08-02 09:17:16.467] [exthost] [info] ExtensionService#loadCommonJSModule c:\Users\jh\.codemix\engine\resources\app\extensions\typescript-language-features\dist\extension
[2019-08-02 09:17:16.547] [exthost] [info] ExtensionService#_doActivateExtension vscode.html-language-features {"startup":false,"activationEvent":"onLanguage:html"}
[2019-08-02 09:17:16.547] [exthost] [info] ExtensionService#loadCommonJSModule c:\Users\jh\.codemix\engine\resources\app\extensions\html-language-features\client\dist\htmlMain
[2019-08-02 09:17:16.612] [exthost] [info] ExtensionService#_doActivateExtension mkaufman.HTMLHint {"startup":false,"activationEvent":"onLanguage:html"}
[2019-08-02 09:17:16.612] [exthost] [info] ExtensionService#loadCommonJSModule C:\Users\jh\.codemix\extensions\mkaufman.htmlhint-0.6.0\out\extension
[2019-08-02 09:17:16.709] [exthost] [info] eager extensions activated
[2019-08-02 09:17:22.898] [exthost] [info] ExtensionService#_doActivateExtension vscode.configuration-editing {"startup":false,"activationEvent":"onLanguage:jsonc"}
[2019-08-02 09:17:22.898] [exthost] [info] ExtensionService#loadCommonJSModule c:\Users\jh\.codemix\engine\resources\app\extensions\configuration-editing\dist\extension
[2019-08-02 09:17:22.912] [exthost] [info] ExtensionService#_doActivateExtension vscode.json-language-features {"startup":false,"activationEvent":"onLanguage:jsonc"}
[2019-08-02 09:17:22.912] [exthost] [info] ExtensionService#loadCommonJSModule c:\Users\jh\.codemix\engine\resources\app\extensions\json-language-features\client\dist\jsonMain
[2019-08-02 09:17:23.881] [exthost] [info] ExtensionService#_doActivateExtension vscode.python {"startup":false,"activationEvent":"onLanguage:python"}
[2019-08-02 09:17:23.881] [exthost] [info] ExtensionService#loadCommonJSModule c:\Users\jh\.codemix\engine\resources\app\extensions\python\out\pythonMain
[2019-08-02 09:17:23.885] [exthost] [info] ExtensionService#_doActivateExtension ms-python.python {"startup":false,"activationEvent":"onLanguage:python"}
[2019-08-02 09:17:23.885] [exthost] [info] ExtensionService#loadCommonJSModule C:\Users\jh\.codemix\extensions\ms-python.python-2019.6.24221\out\client\extension
